[debug] [2024-03-17T15:03:03.119Z] ----------------------------------------------------------------------
[debug] [2024-03-17T15:03:03.121Z] Command:       C:\Program Files\nodejs\node.exe C:\Users\Lucas\AppData\Roaming\npm\node_modules\firebase-tools\lib\bin\firebase.js init hosting
[debug] [2024-03-17T15:03:03.122Z] CLI Version:   13.5.1
[debug] [2024-03-17T15:03:03.122Z] Platform:      win32
[debug] [2024-03-17T15:03:03.122Z] Node Version:  v20.10.0
[debug] [2024-03-17T15:03:03.122Z] Time:          Sun Mar 17 2024 12:03:03 GMT-0300 (hora estándar de Argentina)
[debug] [2024-03-17T15:03:03.122Z] ----------------------------------------------------------------------
[debug] 
[debug] [2024-03-17T15:03:03.129Z] > command requires scopes: ["email","openid","https://www.googleapis.com/auth/cloudplatformprojects.readonly","https://www.googleapis.com/auth/firebase","https://www.googleapis.com/auth/cloud-platform"]
[debug] [2024-03-17T15:03:03.130Z] > authorizing via signed-in user (lucasnicolasangel@gmail.com)
[info] 
     ######## #### ########  ######## ########     ###     ######  ########
     ##        ##  ##     ## ##       ##     ##  ##   ##  ##       ##
     ######    ##  ########  ######   ########  #########  ######  ######
     ##        ##  ##    ##  ##       ##     ## ##     ##       ## ##
     ##       #### ##     ## ######## ########  ##     ##  ######  ########

You're about to initialize a Firebase project in this directory:

  E:\Documentos\Tecnicatura\Tesis\list-together

[info] 
=== Project Setup
[info] 
[info] First, let's associate this project directory with a Firebase project.
[info] You can create multiple project aliases by running firebase use --add, 
[info] but for now we'll just set up a default project.
[info] 
[debug] [2024-03-17T15:03:10.317Z] > refreshing access token with scopes: []
[debug] [2024-03-17T15:03:10.319Z] >>> [apiv2][query] POST https://www.googleapis.com/oauth2/v3/token [none]
[debug] [2024-03-17T15:03:10.319Z] >>> [apiv2][body] POST https://www.googleapis.com/oauth2/v3/token [omitted]
[debug] [2024-03-17T15:03:10.559Z] <<< [apiv2][status] POST https://www.googleapis.com/oauth2/v3/token 200
[debug] [2024-03-17T15:03:10.559Z] <<< [apiv2][body] POST https://www.googleapis.com/oauth2/v3/token [omitted]
[debug] [2024-03-17T15:03:10.565Z] >>> [apiv2][query] GET https://firebase.googleapis.com/v1beta1/projects pageSize=100
[debug] [2024-03-17T15:03:11.189Z] <<< [apiv2][status] GET https://firebase.googleapis.com/v1beta1/projects 200
[debug] [2024-03-17T15:03:11.189Z] <<< [apiv2][body] GET https://firebase.googleapis.com/v1beta1/projects [omitted]
[info] i  Using project listtogether-final (ListTogether) 
[info] 
=== Hosting Setup
[debug] [2024-03-17T15:03:12.940Z] >>> [apiv2][query] GET https://firebase.googleapis.com/v1beta1/projects/listtogether-final [none]
[debug] [2024-03-17T15:03:13.282Z] <<< [apiv2][status] GET https://firebase.googleapis.com/v1beta1/projects/listtogether-final 200
[debug] [2024-03-17T15:03:13.282Z] <<< [apiv2][body] GET https://firebase.googleapis.com/v1beta1/projects/listtogether-final {"projectId":"listtogether-final","projectNumber":"853873732752","displayName":"ListTogether","name":"projects/listtogether-final","resources":{"hostingSite":"listtogether-final"},"state":"ACTIVE","etag":"1_cb7226c3-a73d-48ff-912a-a5f7294eaf23"}
[info] 
[info] Your public directory is the folder (relative to your project directory) that
[info] will contain Hosting assets to be uploaded with firebase deploy. If you
[info] have a build process for your assets, use your build's output directory.
[info] 
